[2026-01-27 10:26:06] SUCCESS: Mail sent from test@gmail.com
[2026-01-27 10:28:24] SUCCESS: Mail sent from madhu@gmail.com
[2026-01-27 10:29:38] SUCCESS: Mail sent from madhu@gmail.com
[2026-01-27 10:59:08] SUCCESS: Email sent to contact@studioxai.global from poojaroymba@gmail.com
[2026-01-27 11:35:07] SUCCESS: Email sent to contact@studioxai.global from kothasaivarshith7@gmail.com
[2026-01-28 06:08:08] SUCCESS: Video Inquiry sent to contact@studioxai.global,madhkunchala@gmail.com from ravi@wettron.com
[2026-01-28 06:30:46] SUCCESS: Mail sent from test@123gmail.com
[2026-01-28 06:50:19] SUCCESS: Mail sent from test@123gmail.com
[2026-01-28 07:04:43] SUCCESS: Mail sent from test@123gmail.com
[2026-01-28 07:08:32] ERROR: Invalid email - test@123
[2026-01-28 07:09:12] SUCCESS: Mail sent from test@123gmail.com
[2026-01-28 07:29:47] SUCCESS: Mail sent from danishkhan8615717@gmail.com
[2026-01-28 07:30:20] SUCCESS: Email sent to contact@studioxai.global from danishkhan8615717@gmail.com
[2026-01-28 07:30:43] SUCCESS: Email sent to contact@studioxai.global from danishkhan8615717@gmail.com
[2026-01-28 07:54:31] SUCCESS: Mail sent from test@123gmail.com
[2026-01-28 07:54:49] SUCCESS: Video Inquiry sent to contact@studioxai.global,madhkunchala@gmail.com from test@123gmail.com
[2026-01-28 09:00:36] SUCCESS: Video Inquiry sent to contact@studioxai.global,madhkunchala@gmail.com from siddharthabenda@gmail.com
[2026-01-28 10:03:48] SUCCESS: Mail sent from naveenking290@gmail.com
[2026-01-28 11:07:57] SUCCESS: Video Inquiry sent to contact@studioxai.global,madhkunchala@gmail.com from maheshwarappam540@gmail.com
[2026-01-29 04:45:34] SUCCESS: Video Inquiry sent to contact@studioxai.global,madhkunchala@gmail.com from madavidevrao6@gmail.com
[2026-01-29 04:50:59] SUCCESS: Mail sent from surajsahani12016@gmail.com
[2026-01-29 05:48:45] SUCCESS: Video Inquiry sent to contact@studioxai.global,madhkunchala@gmail.com from karthikmudhiraj584@gmail.com
[2026-01-29 06:36:53] SUCCESS: Video Inquiry sent to contact@studioxai.global,madhkunchala@gmail.com from yajjalaparvati6@gmail.com
[2026-01-30 09:16:52] SUCCESS: Mail sent from test123@gmail.com
[2026-01-30 09:28:38] SUCCESS: Video Inquiry sent to contact@studioxai.global,madhkunchala@gmail.com from test@123gmail.com
[2026-01-30 09:31:22] SUCCESS: Mail sent from test@123gmail.com
[2026-01-30 09:34:44] SUCCESS: Mail sent from test@123gmail.com
[2026-01-30 09:37:47] SUCCESS: Mail sent from test@123gmail.com
[2026-01-30 09:40:07] SUCCESS: Mail sent from test@123gmail.com
[2026-01-30 09:42:09] SUCCESS: Mail sent from bhills_7624@mailinator.com
[2026-01-30 09:45:55] SUCCESS: Mail sent from test@123gmail.com
[2026-01-30 09:48:54] SUCCESS: Video Inquiry sent to contact@studioxai.global,madhkunchala@gmail.com from test@123gmail.com
[2026-01-30 09:56:39] SUCCESS: Video Inquiry sent to contact@studioxai.global,madhkunchala@gmail.com from bhills_5473@mailinator.com
